<?xml version="1.0" encoding="UTF-8"?>
<!-- Generated by org.testng.reporters.JUnitReportReporter -->
<testsuite hostname="DESKTOP-7PRMN8B" failures="0" tests="1" name="testNG.Test2" time="0.006" errors="0" timestamp="2023-05-23T20:33:06 IST" skipped="0">
  <testcase classname="testNG.Test2" name="Demo2" time="0.006"/>
  <system-out/>
</testsuite> <!-- testNG.Test2 -->
