<?xml version="1.0" encoding="UTF-8"?>
<!-- Generated by org.testng.reporters.JUnitReportReporter -->
<testsuite hostname="DESKTOP-7PRMN8B" failures="0" tests="1" name="testNG.Test4" time="0.005" errors="0" timestamp="2023-05-16T19:44:00 IST" skipped="0">
  <testcase classname="testNG.Test4" name="TestSetup" time="0.005"/>
  <system-out/>
</testsuite> <!-- testNG.Test4 -->
