<?xml version="1.0" encoding="UTF-8"?>
<!-- Generated by org.testng.reporters.JUnitReportReporter -->
<testsuite hostname="DESKTOP-7PRMN8B" failures="0" tests="1" name="testNG.Test1" time="0.017" errors="0" timestamp="2023-05-16T19:44:00 IST" skipped="0">
  <testcase classname="testNG.Test1" name="Demo" time="0.017"/>
  <system-out/>
</testsuite> <!-- testNG.Test1 -->
